c:\users\furkan\desktop\mainline_updated\serversource\libthecore\lib\libthecore.pdb
c:\users\furkan\desktop\mainline_updated\serversource\libthecore\int\release\xmd5.obj
c:\users\furkan\desktop\mainline_updated\serversource\libthecore\int\release\xgetopt.obj
c:\users\furkan\desktop\mainline_updated\serversource\libthecore\int\release\xdirent.obj
c:\users\furkan\desktop\mainline_updated\serversource\libthecore\int\release\utils.obj
c:\users\furkan\desktop\mainline_updated\serversource\libthecore\int\release\tea.obj
c:\users\furkan\desktop\mainline_updated\serversource\libthecore\int\release\socket.obj
c:\users\furkan\desktop\mainline_updated\serversource\libthecore\int\release\signal.obj
c:\users\furkan\desktop\mainline_updated\serversource\libthecore\int\release\memcpy.obj
c:\users\furkan\desktop\mainline_updated\serversource\libthecore\int\release\main.obj
c:\users\furkan\desktop\mainline_updated\serversource\libthecore\int\release\log.obj
c:\users\furkan\desktop\mainline_updated\serversource\libthecore\int\release\kstbl.obj
c:\users\furkan\desktop\mainline_updated\serversource\libthecore\int\release\heart.obj
c:\users\furkan\desktop\mainline_updated\serversource\libthecore\int\release\hangul.obj
c:\users\furkan\desktop\mainline_updated\serversource\libthecore\int\release\gost_old.obj
c:\users\furkan\desktop\mainline_updated\serversource\libthecore\int\release\gost.obj
c:\users\furkan\desktop\mainline_updated\serversource\libthecore\int\release\fdwatch.obj
c:\users\furkan\desktop\mainline_updated\serversource\libthecore\int\release\des.obj
c:\users\furkan\desktop\mainline_updated\serversource\libthecore\int\release\buffer.obj
c:\users\furkan\desktop\mainline_updated\serversource\libthecore\lib\libthecore.lib
c:\users\furkan\desktop\mainline_updated\serversource\libthecore\int/release\libthecore.2008.vcxproj.filelistabsolute.txt
c:\users\furkan\desktop\mainline_updated\serversource\libthecore\int\release\libthecore.tlog\cl.command.1.tlog
c:\users\furkan\desktop\mainline_updated\serversource\libthecore\int\release\libthecore.tlog\cl.items.tlog
c:\users\furkan\desktop\mainline_updated\serversource\libthecore\int\release\libthecore.tlog\cl.read.1.tlog
c:\users\furkan\desktop\mainline_updated\serversource\libthecore\int\release\libthecore.tlog\cl.write.1.tlog
c:\users\furkan\desktop\mainline_updated\serversource\libthecore\int\release\libthecore.tlog\lib-link.read.1.tlog
c:\users\furkan\desktop\mainline_updated\serversource\libthecore\int\release\libthecore.tlog\lib-link.write.1.tlog
c:\users\furkan\desktop\mainline_updated\serversource\libthecore\int\release\libthecore.tlog\lib.command.1.tlog
