c:\users\furkan\desktop\mainline_updated\serversource\liblua\lib\liblua.pdb
c:\users\furkan\desktop\mainline_updated\serversource\liblua\lib\liblua.idb
c:\users\furkan\desktop\mainline_updated\serversource\liblua\int\debug\lparser.obj
c:\users\furkan\desktop\mainline_updated\serversource\liblua\int\debug\lopcodes.obj
c:\users\furkan\desktop\mainline_updated\serversource\liblua\int\debug\lobject.obj
c:\users\furkan\desktop\mainline_updated\serversource\liblua\int\debug\lmem.obj
c:\users\furkan\desktop\mainline_updated\serversource\liblua\int\debug\llex.obj
c:\users\furkan\desktop\mainline_updated\serversource\liblua\int\debug\ltablib.obj
c:\users\furkan\desktop\mainline_updated\serversource\liblua\int\debug\lstrlib.obj
c:\users\furkan\desktop\mainline_updated\serversource\liblua\int\debug\loadlib.obj
c:\users\furkan\desktop\mainline_updated\serversource\liblua\int\debug\lmathlib.obj
c:\users\furkan\desktop\mainline_updated\serversource\liblua\int\debug\liolib.obj
c:\users\furkan\desktop\mainline_updated\serversource\liblua\int\debug\ldblib.obj
c:\users\furkan\desktop\mainline_updated\serversource\liblua\int\debug\lbaselib.obj
c:\users\furkan\desktop\mainline_updated\serversource\liblua\int\debug\lauxlib.obj
c:\users\furkan\desktop\mainline_updated\serversource\liblua\int\debug\lgc.obj
c:\users\furkan\desktop\mainline_updated\serversource\liblua\int\debug\lfunc.obj
c:\users\furkan\desktop\mainline_updated\serversource\liblua\int\debug\ldump.obj
c:\users\furkan\desktop\mainline_updated\serversource\liblua\int\debug\ldo.obj
c:\users\furkan\desktop\mainline_updated\serversource\liblua\int\debug\ldebug.obj
c:\users\furkan\desktop\mainline_updated\serversource\liblua\int\debug\lcode.obj
c:\users\furkan\desktop\mainline_updated\serversource\liblua\int\debug\lapi.obj
c:\users\furkan\desktop\mainline_updated\serversource\liblua\int\debug\lzio.obj
c:\users\furkan\desktop\mainline_updated\serversource\liblua\int\debug\lvm.obj
c:\users\furkan\desktop\mainline_updated\serversource\liblua\int\debug\lundump.obj
c:\users\furkan\desktop\mainline_updated\serversource\liblua\int\debug\ltm.obj
c:\users\furkan\desktop\mainline_updated\serversource\liblua\int\debug\ltests.obj
c:\users\furkan\desktop\mainline_updated\serversource\liblua\int\debug\ltable.obj
c:\users\furkan\desktop\mainline_updated\serversource\liblua\int\debug\lstring.obj
c:\users\furkan\desktop\mainline_updated\serversource\liblua\int\debug\lstate.obj
c:\users\furkan\desktop\mainline_updated\serversource\liblua\lib\liblua_d.lib
c:\users\furkan\desktop\mainline_updated\serversource\liblua\int/debug\liblua.2008.vcxproj.filelistabsolute.txt
c:\users\furkan\desktop\mainline_updated\serversource\liblua\int\debug\liblua.tlog\cl.command.1.tlog
c:\users\furkan\desktop\mainline_updated\serversource\liblua\int\debug\liblua.tlog\cl.items.tlog
c:\users\furkan\desktop\mainline_updated\serversource\liblua\int\debug\liblua.tlog\cl.read.1.tlog
c:\users\furkan\desktop\mainline_updated\serversource\liblua\int\debug\liblua.tlog\cl.write.1.tlog
c:\users\furkan\desktop\mainline_updated\serversource\liblua\int\debug\liblua.tlog\lib-link.read.1.tlog
c:\users\furkan\desktop\mainline_updated\serversource\liblua\int\debug\liblua.tlog\lib-link.write.1.tlog
c:\users\furkan\desktop\mainline_updated\serversource\liblua\int\debug\liblua.tlog\lib.command.1.tlog
