c:\users\furkan\desktop\mainline_updated\serversource\libthecore\lib\libthecore.pdb
c:\users\furkan\desktop\mainline_updated\serversource\libthecore\lib\libthecore.idb
c:\users\furkan\desktop\mainline_updated\serversource\libthecore\int\debug\xmd5.obj
c:\users\furkan\desktop\mainline_updated\serversource\libthecore\int\debug\xgetopt.obj
c:\users\furkan\desktop\mainline_updated\serversource\libthecore\int\debug\xdirent.obj
c:\users\furkan\desktop\mainline_updated\serversource\libthecore\int\debug\utils.obj
c:\users\furkan\desktop\mainline_updated\serversource\libthecore\int\debug\tea.obj
c:\users\furkan\desktop\mainline_updated\serversource\libthecore\int\debug\socket.obj
c:\users\furkan\desktop\mainline_updated\serversource\libthecore\int\debug\signal.obj
c:\users\furkan\desktop\mainline_updated\serversource\libthecore\int\debug\memcpy.obj
c:\users\furkan\desktop\mainline_updated\serversource\libthecore\int\debug\main.obj
c:\users\furkan\desktop\mainline_updated\serversource\libthecore\int\debug\log.obj
c:\users\furkan\desktop\mainline_updated\serversource\libthecore\int\debug\kstbl.obj
c:\users\furkan\desktop\mainline_updated\serversource\libthecore\int\debug\heart.obj
c:\users\furkan\desktop\mainline_updated\serversource\libthecore\int\debug\hangul.obj
c:\users\furkan\desktop\mainline_updated\serversource\libthecore\int\debug\gost_old.obj
c:\users\furkan\desktop\mainline_updated\serversource\libthecore\int\debug\gost.obj
c:\users\furkan\desktop\mainline_updated\serversource\libthecore\int\debug\fdwatch.obj
c:\users\furkan\desktop\mainline_updated\serversource\libthecore\int\debug\des.obj
c:\users\furkan\desktop\mainline_updated\serversource\libthecore\int\debug\buffer.obj
c:\users\furkan\desktop\mainline_updated\serversource\libthecore\lib\libthecore_d.lib
c:\users\furkan\desktop\mainline_updated\serversource\libthecore\int/debug\libthecore.2008.vcxproj.filelistabsolute.txt
c:\users\furkan\desktop\mainline_updated\serversource\libthecore\int\debug\libthecore.tlog\cl.command.1.tlog
c:\users\furkan\desktop\mainline_updated\serversource\libthecore\int\debug\libthecore.tlog\cl.items.tlog
c:\users\furkan\desktop\mainline_updated\serversource\libthecore\int\debug\libthecore.tlog\cl.read.1.tlog
c:\users\furkan\desktop\mainline_updated\serversource\libthecore\int\debug\libthecore.tlog\cl.write.1.tlog
c:\users\furkan\desktop\mainline_updated\serversource\libthecore\int\debug\libthecore.tlog\lib-link.read.1.tlog
c:\users\furkan\desktop\mainline_updated\serversource\libthecore\int\debug\libthecore.tlog\lib-link.write.1.tlog
c:\users\furkan\desktop\mainline_updated\serversource\libthecore\int\debug\libthecore.tlog\lib.command.1.tlog
