c:\users\furkan\desktop\mainline_updated\serversource\liblua\lib\liblua.pdb
c:\users\furkan\desktop\mainline_updated\serversource\liblua\int\release\lparser.obj
c:\users\furkan\desktop\mainline_updated\serversource\liblua\int\release\lopcodes.obj
c:\users\furkan\desktop\mainline_updated\serversource\liblua\int\release\lobject.obj
c:\users\furkan\desktop\mainline_updated\serversource\liblua\int\release\lmem.obj
c:\users\furkan\desktop\mainline_updated\serversource\liblua\int\release\llex.obj
c:\users\furkan\desktop\mainline_updated\serversource\liblua\int\release\ltablib.obj
c:\users\furkan\desktop\mainline_updated\serversource\liblua\int\release\lstrlib.obj
c:\users\furkan\desktop\mainline_updated\serversource\liblua\int\release\loadlib.obj
c:\users\furkan\desktop\mainline_updated\serversource\liblua\int\release\lmathlib.obj
c:\users\furkan\desktop\mainline_updated\serversource\liblua\int\release\liolib.obj
c:\users\furkan\desktop\mainline_updated\serversource\liblua\int\release\ldblib.obj
c:\users\furkan\desktop\mainline_updated\serversource\liblua\int\release\lbaselib.obj
c:\users\furkan\desktop\mainline_updated\serversource\liblua\int\release\lauxlib.obj
c:\users\furkan\desktop\mainline_updated\serversource\liblua\int\release\lgc.obj
c:\users\furkan\desktop\mainline_updated\serversource\liblua\int\release\lfunc.obj
c:\users\furkan\desktop\mainline_updated\serversource\liblua\int\release\ldump.obj
c:\users\furkan\desktop\mainline_updated\serversource\liblua\int\release\ldo.obj
c:\users\furkan\desktop\mainline_updated\serversource\liblua\int\release\ldebug.obj
c:\users\furkan\desktop\mainline_updated\serversource\liblua\int\release\lcode.obj
c:\users\furkan\desktop\mainline_updated\serversource\liblua\int\release\lapi.obj
c:\users\furkan\desktop\mainline_updated\serversource\liblua\int\release\lzio.obj
c:\users\furkan\desktop\mainline_updated\serversource\liblua\int\release\lvm.obj
c:\users\furkan\desktop\mainline_updated\serversource\liblua\int\release\lundump.obj
c:\users\furkan\desktop\mainline_updated\serversource\liblua\int\release\ltm.obj
c:\users\furkan\desktop\mainline_updated\serversource\liblua\int\release\ltests.obj
c:\users\furkan\desktop\mainline_updated\serversource\liblua\int\release\ltable.obj
c:\users\furkan\desktop\mainline_updated\serversource\liblua\int\release\lstring.obj
c:\users\furkan\desktop\mainline_updated\serversource\liblua\int\release\lstate.obj
c:\users\furkan\desktop\mainline_updated\serversource\liblua\lib\liblua.lib
c:\users\furkan\desktop\mainline_updated\serversource\liblua\int/release\liblua.2008.vcxproj.filelistabsolute.txt
c:\users\furkan\desktop\mainline_updated\serversource\liblua\int\release\liblua.tlog\cl.command.1.tlog
c:\users\furkan\desktop\mainline_updated\serversource\liblua\int\release\liblua.tlog\cl.items.tlog
c:\users\furkan\desktop\mainline_updated\serversource\liblua\int\release\liblua.tlog\cl.read.1.tlog
c:\users\furkan\desktop\mainline_updated\serversource\liblua\int\release\liblua.tlog\cl.write.1.tlog
c:\users\furkan\desktop\mainline_updated\serversource\liblua\int\release\liblua.tlog\lib-link.read.1.tlog
c:\users\furkan\desktop\mainline_updated\serversource\liblua\int\release\liblua.tlog\lib-link.write.1.tlog
c:\users\furkan\desktop\mainline_updated\serversource\liblua\int\release\liblua.tlog\lib.command.1.tlog
